<?xml version="1.0" encoding="UTF-8"?>
<testng-results skipped="0" failed="0" total="1" passed="1">
  <reporter-output>
  </reporter-output>
  <suite name="Default suite" duration-ms="447" started-at="2017-01-19T14:13:41Z" finished-at="2017-01-19T14:13:42Z">
    <groups>
    </groups>
    <test name="Default test" duration-ms="447" started-at="2017-01-19T14:13:41Z" finished-at="2017-01-19T14:13:42Z">
      <class name="test.LoginTest">
        <test-method status="PASS" signature="beforeMethod(java.lang.reflect.Method)[pri:0, instance:test.LoginTest@e25b2fe]" name="beforeMethod" is-config="true" duration-ms="434" started-at="2017-01-19T19:43:41Z" finished-at="2017-01-19T19:43:42Z">
          <params>
            <param index="0">
              <value>
                <![CDATA[public void test.LoginTest.loginTest()]]>
              </value>
            </param>
          </params>
          <reporter-output>
          </reporter-output>
        </test-method> <!-- beforeMethod -->
        <test-method status="PASS" signature="loginTest()[pri:0, instance:test.LoginTest@e25b2fe]" name="loginTest" duration-ms="4" started-at="2017-01-19T19:43:42Z" finished-at="2017-01-19T19:43:42Z">
          <reporter-output>
          </reporter-output>
        </test-method> <!-- loginTest -->
        <test-method status="PASS" signature="afterMethod()[pri:0, instance:test.LoginTest@e25b2fe]" name="afterMethod" is-config="true" duration-ms="0" started-at="2017-01-19T19:43:42Z" finished-at="2017-01-19T19:43:42Z">
          <reporter-output>
          </reporter-output>
        </test-method> <!-- afterMethod -->
      </class> <!-- test.LoginTest -->
    </test> <!-- Default test -->
  </suite> <!-- Default suite -->
</testng-results>
